TN:
SF:src\components\AnimatedNumber.vue
FN:28,formatNumber
FN:58,animateToValue
FN:85,__vite_ssr_import_1__.watch.immediate
FNF:3
FNH:1
FNDA:4,formatNumber
FNDA:0,animateToValue
FNDA:0,__vite_ssr_import_1__.watch.immediate
DA:1,1
DA:2,1
DA:3,1
DA:4,1
DA:5,1
DA:6,1
DA:7,1
DA:8,1
DA:9,1
DA:10,1
DA:11,1
DA:12,1
DA:13,1
DA:14,1
DA:15,1
DA:16,1
DA:17,1
DA:18,1
DA:19,1
DA:20,1
DA:21,1
DA:22,1
DA:23,1
DA:24,1
DA:25,1
DA:26,1
DA:27,1
DA:28,4
DA:29,4
DA:30,4
DA:31,4
DA:32,4
DA:33,1
DA:34,1
DA:35,1
DA:36,1
DA:37,1
DA:38,1
DA:39,4
DA:40,4
DA:41,1
DA:42,1
DA:43,1
DA:44,1
DA:45,4
DA:46,4
DA:47,4
DA:48,2
DA:49,2
DA:50,2
DA:51,2
DA:52,2
DA:53,2
DA:54,2
DA:55,4
DA:56,4
DA:57,1
DA:58,0
DA:59,0
DA:60,0
DA:61,0
DA:62,0
DA:63,0
DA:64,0
DA:65,0
DA:66,0
DA:67,0
DA:68,0
DA:69,0
DA:70,0
DA:71,0
DA:72,0
DA:73,0
DA:74,0
DA:75,0
DA:76,0
DA:77,0
DA:78,0
DA:79,0
DA:80,0
DA:81,0
DA:82,0
DA:83,1
DA:84,1
DA:85,1
DA:86,0
DA:87,1
DA:88,1
DA:89,1
DA:90,1
DA:91,4
DA:92,4
DA:93,1
DA:94,1
DA:95,1
DA:96,1
DA:97,1
DA:98,1
DA:99,1
DA:100,1
DA:101,1
DA:102,1
LF:102
LH:76
BRDA:28,0,0,4
BRDA:32,1,0,1
BRDA:40,2,0,1
BRDA:46,3,0,2
BRDA:47,4,0,2
BRDA:53,5,0,1
BRDA:53,6,0,1
BRDA:85,7,0,4
BRDA:90,8,0,4
BRF:9
BRH:9
end_of_record
TN:
SF:src\components\EssentialLink.vue
FNF:0
FNH:0
DA:1,1
DA:2,1
DA:3,1
DA:4,1
DA:5,1
DA:6,1
DA:7,1
DA:8,1
DA:9,1
DA:10,1
DA:11,1
DA:12,1
DA:13,1
DA:14,1
DA:15,1
DA:16,1
DA:17,1
DA:18,1
DA:19,1
DA:20,1
DA:21,1
DA:22,1
DA:23,1
DA:24,1
DA:25,1
DA:26,1
DA:27,1
LF:27
LH:27
BRDA:8,0,0,1
BRDA:9,1,0,1
BRF:2
BRH:2
end_of_record
TN:
SF:src\services\categories.ts
FN:5,getAll
FN:10,getById
FNF:2
FNH:0
FNDA:0,getAll
FNDA:0,getById
DA:1,1
DA:2,1
DA:3,1
DA:4,1
DA:5,1
DA:6,0
DA:7,0
DA:8,0
DA:9,1
DA:10,1
DA:11,0
DA:12,0
DA:13,0
DA:14,1
LF:14
LH:8
BRF:0
BRH:0
end_of_record
TN:
SF:src\services\comments.ts
FN:29,create
FN:34,listByProject
FN:44,delete
FNF:3
FNH:0
FNDA:0,create
FNDA:0,listByProject
FNDA:0,delete
DA:1,1
DA:2,1
DA:3,1
DA:4,1
DA:5,1
DA:6,1
DA:7,1
DA:8,1
DA:9,1
DA:10,1
DA:11,1
DA:12,1
DA:13,1
DA:14,1
DA:15,1
DA:16,1
DA:17,1
DA:18,1
DA:19,1
DA:20,1
DA:21,1
DA:22,1
DA:23,1
DA:24,1
DA:25,1
DA:26,1
DA:27,1
DA:28,1
DA:29,1
DA:30,0
DA:31,0
DA:32,0
DA:33,1
DA:34,1
DA:35,0
DA:36,0
DA:37,0
DA:38,0
DA:39,0
DA:40,0
DA:41,0
DA:42,0
DA:43,1
DA:44,1
DA:45,0
DA:46,0
DA:47,1
DA:48,1
DA:49,1
LF:49
LH:36
BRF:0
BRH:0
end_of_record
TN:
SF:src\services\connect.ts
FN:4,onboard
FN:10,status
FN:15,dashboardLink
FNF:3
FNH:0
FNDA:0,onboard
FNDA:0,status
FNDA:0,dashboardLink
DA:1,1
DA:2,1
DA:3,1
DA:4,1
DA:5,0
DA:6,0
DA:7,0
DA:8,0
DA:9,1
DA:10,1
DA:11,0
DA:12,0
DA:13,0
DA:14,1
DA:15,1
DA:16,0
DA:17,0
DA:18,0
DA:19,1
DA:20,1
DA:21,1
LF:21
LH:11
BRF:0
BRH:0
end_of_record
TN:
SF:src\services\contributions.ts
FN:41,createCheckout
FN:46,listByProject
FN:56,hasContributions
FNF:3
FNH:0
FNDA:0,createCheckout
FNDA:0,listByProject
FNDA:0,hasContributions
DA:1,1
DA:2,1
DA:3,1
DA:4,1
DA:5,1
DA:6,1
DA:7,1
DA:8,1
DA:9,1
DA:10,1
DA:11,1
DA:12,1
DA:13,1
DA:14,1
DA:15,1
DA:16,1
DA:17,1
DA:18,1
DA:19,1
DA:20,1
DA:21,1
DA:22,1
DA:23,1
DA:24,1
DA:25,1
DA:26,1
DA:27,1
DA:28,1
DA:29,1
DA:30,1
DA:31,1
DA:32,1
DA:33,1
DA:34,1
DA:35,1
DA:36,1
DA:37,1
DA:38,1
DA:39,1
DA:40,1
DA:41,1
DA:42,0
DA:43,0
DA:44,0
DA:45,1
DA:46,1
DA:47,0
DA:48,0
DA:49,0
DA:50,0
DA:51,0
DA:52,0
DA:53,0
DA:54,0
DA:55,1
DA:56,1
DA:57,0
DA:58,0
DA:59,0
DA:60,1
DA:61,1
DA:62,1
LF:62
LH:48
BRF:0
BRH:0
end_of_record
TN:
SF:src\services\index.ts
FNF:0
FNH:0
DA:1,1
DA:2,1
DA:3,1
DA:4,1
DA:5,1
DA:6,1
DA:7,1
DA:8,1
DA:9,1
DA:10,1
LF:10
LH:10
BRF:0
BRH:0
end_of_record
TN:
SF:src\services\project-images.ts
FN:18,uploadImages
FN:35,getProjectImages
FN:40,deleteImage
FN:44,reorderImages
FNF:4
FNH:0
FNDA:0,uploadImages
FNDA:0,getProjectImages
FNDA:0,deleteImage
FNDA:0,reorderImages
DA:1,1
DA:2,1
DA:3,1
DA:4,1
DA:5,1
DA:6,1
DA:7,1
DA:8,1
DA:9,1
DA:10,1
DA:11,1
DA:12,1
DA:13,1
DA:14,1
DA:15,1
DA:16,1
DA:17,1
DA:18,1
DA:19,0
DA:20,0
DA:21,0
DA:22,0
DA:23,0
DA:24,0
DA:25,0
DA:26,0
DA:27,0
DA:28,0
DA:29,0
DA:30,0
DA:31,0
DA:32,0
DA:33,0
DA:34,1
DA:35,1
DA:36,0
DA:37,0
DA:38,0
DA:39,1
DA:40,1
DA:41,0
DA:42,0
DA:43,1
DA:44,1
DA:45,0
DA:46,0
DA:47,0
DA:48,1
DA:49,1
DA:50,1
LF:50
LH:27
BRF:0
BRH:0
end_of_record
TN:
SF:src\services\project-videos.ts
FN:4,uploadVideo
FN:11,deleteVideo
FNF:2
FNH:0
FNDA:0,uploadVideo
FNDA:0,deleteVideo
DA:1,1
DA:2,1
DA:3,1
DA:4,1
DA:5,0
DA:6,0
DA:7,0
DA:8,0
DA:9,0
DA:10,1
DA:11,1
DA:12,0
DA:13,0
DA:14,1
LF:14
LH:7
BRF:0
BRH:0
end_of_record
TN:
SF:src\services\projects.ts
FN:88,create
FN:93,list
FN:106,getById
FN:111,getMine
FN:116,update
FN:121,delete
FN:125,updateAllStats
FNF:7
FNH:0
FNDA:0,create
FNDA:0,list
FNDA:0,getById
FNDA:0,getMine
FNDA:0,update
FNDA:0,delete
FNDA:0,updateAllStats
DA:1,1
DA:2,1
DA:3,1
DA:4,1
DA:5,1
DA:6,1
DA:7,1
DA:8,1
DA:9,1
DA:10,1
DA:11,1
DA:12,1
DA:13,1
DA:14,1
DA:15,1
DA:16,1
DA:17,1
DA:18,1
DA:19,1
DA:20,1
DA:21,1
DA:22,1
DA:23,1
DA:24,1
DA:25,1
DA:26,1
DA:27,1
DA:28,1
DA:29,1
DA:30,1
DA:31,1
DA:32,1
DA:33,1
DA:34,1
DA:35,1
DA:36,1
DA:37,1
DA:38,1
DA:39,1
DA:40,1
DA:41,1
DA:42,1
DA:43,1
DA:44,1
DA:45,1
DA:46,1
DA:47,1
DA:48,1
DA:49,1
DA:50,1
DA:51,1
DA:52,1
DA:53,1
DA:54,1
DA:55,1
DA:56,1
DA:57,1
DA:58,1
DA:59,1
DA:60,1
DA:61,1
DA:62,1
DA:63,1
DA:64,1
DA:65,1
DA:66,1
DA:67,1
DA:68,1
DA:69,1
DA:70,1
DA:71,1
DA:72,1
DA:73,1
DA:74,1
DA:75,1
DA:76,1
DA:77,1
DA:78,1
DA:79,1
DA:80,1
DA:81,1
DA:82,1
DA:83,1
DA:84,1
DA:85,1
DA:86,1
DA:87,1
DA:88,1
DA:89,0
DA:90,0
DA:91,0
DA:92,1
DA:93,1
DA:94,0
DA:95,0
DA:96,0
DA:97,0
DA:98,0
DA:99,0
DA:100,0
DA:101,0
DA:102,0
DA:103,0
DA:104,0
DA:105,1
DA:106,1
DA:107,0
DA:108,0
DA:109,0
DA:110,1
DA:111,1
DA:112,0
DA:113,0
DA:114,0
DA:115,1
DA:116,1
DA:117,0
DA:118,0
DA:119,0
DA:120,1
DA:121,1
DA:122,0
DA:123,0
DA:124,1
DA:125,1
DA:126,0
DA:127,0
DA:128,0
DA:129,1
DA:130,1
DA:131,1
LF:131
LH:103
BRF:0
BRH:0
end_of_record
TN:
SF:src\services\subscriptions.ts
FN:25,listMine
FN:31,cancel
FNF:2
FNH:2
FNDA:1,listMine
FNDA:1,cancel
DA:1,1
DA:2,1
DA:3,1
DA:4,1
DA:5,1
DA:6,1
DA:7,1
DA:8,1
DA:9,1
DA:10,1
DA:11,1
DA:12,1
DA:13,1
DA:14,1
DA:15,1
DA:16,1
DA:17,1
DA:18,1
DA:19,1
DA:20,1
DA:21,1
DA:22,1
DA:23,1
DA:24,1
DA:25,1
DA:26,1
DA:27,1
DA:28,1
DA:29,1
DA:30,1
DA:31,1
DA:32,1
DA:33,1
DA:34,1
DA:35,1
DA:36,1
DA:37,1
LF:37
LH:37
BRDA:25,0,0,1
BRDA:31,1,0,1
BRF:2
BRH:2
end_of_record
TN:
SF:src\utils\calculateProgress.ts
FN:7,calculateProgress
FNF:1
FNH:1
FNDA:11,calculateProgress
DA:1,1
DA:2,1
DA:3,1
DA:4,1
DA:5,1
DA:6,1
DA:7,1
DA:8,11
DA:9,4
DA:10,4
DA:11,7
DA:12,7
DA:13,7
DA:14,7
LF:14
LH:14
BRDA:7,0,0,11
BRDA:8,1,0,9
BRDA:8,2,0,4
BRDA:10,3,0,7
BRF:4
BRH:4
end_of_record
TN:
SF:src\utils\consent.ts
FN:1,(empty-report)
FNF:1
FNH:0
FNDA:0,(empty-report)
DA:1,0
DA:2,0
DA:3,0
DA:4,0
DA:5,0
DA:6,0
DA:7,0
DA:8,0
DA:9,0
DA:10,0
DA:11,0
DA:12,0
DA:13,0
DA:14,0
DA:15,0
DA:16,0
DA:17,0
DA:18,0
DA:19,0
DA:20,0
DA:21,0
DA:22,0
DA:23,0
DA:24,0
DA:25,0
DA:26,0
DA:27,0
DA:28,0
DA:29,0
DA:30,0
DA:31,0
DA:32,0
DA:33,0
DA:34,0
DA:35,0
DA:36,0
DA:37,0
DA:38,0
DA:39,0
DA:40,0
DA:41,0
DA:42,0
DA:43,0
DA:44,0
DA:45,0
DA:46,0
DA:47,0
DA:48,0
LF:48
LH:0
BRDA:1,0,0,0
BRF:1
BRH:0
end_of_record
TN:
SF:src\utils\crypto.ts
FN:1,cryptoRandomUuid
FN:13,toHex
FNF:2
FNH:2
FNDA:12,cryptoRandomUuid
FNDA:32,toHex
DA:1,1
DA:2,12
DA:3,12
DA:4,12
DA:5,8
DA:6,8
DA:7,12
DA:8,2
DA:9,2
DA:10,2
DA:11,2
DA:12,2
DA:13,2
DA:14,2
DA:15,2
DA:16,2
DA:17,12
DA:18,0
DA:19,0
DA:20,2
DA:21,2
DA:22,2
DA:23,2
DA:24,12
DA:25,72
DA:26,72
DA:27,62
DA:28,62
DA:29,62
DA:30,72
DA:31,10
DA:32,10
DA:33,72
DA:34,2
DA:35,2
LF:35
LH:33
BRDA:1,0,0,12
BRDA:4,1,0,10
BRDA:4,2,0,8
BRDA:6,3,0,4
BRDA:7,4,0,2
BRDA:7,5,0,2
BRDA:17,6,0,0
BRDA:19,7,0,2
BRDA:24,8,0,72
BRDA:26,9,0,12
BRDA:26,10,0,62
BRDA:28,11,0,60
BRDA:28,12,0,2
BRDA:30,13,0,10
BRDA:33,14,0,2
BRDA:13,15,0,32
BRF:16
BRH:15
end_of_record
TN:
SF:src\utils\datetime.ts
FN:1,mergeDateTimeToISO
FNF:1
FNH:1
FNDA:3,mergeDateTimeToISO
DA:1,1
DA:2,3
DA:3,3
DA:4,3
DA:5,2
DA:6,3
DA:7,1
DA:8,1
DA:9,1
DA:10,0
DA:11,0
DA:12,0
DA:13,0
DA:14,3
DA:15,3
DA:16,3
DA:17,3
DA:18,3
DA:19,3
DA:20,3
LF:20
LH:16
BRDA:1,0,0,3
BRDA:4,1,0,2
BRDA:6,2,0,1
BRDA:9,3,0,0
BRDA:15,4,0,1
BRF:5
BRH:4
end_of_record
TN:
SF:src\utils\format.ts
FN:1,formatMoneyBRL
FN:7,formatDateTimeBR
FN:15,isPast
FN:20,formatNumber
FN:25,formatProgressPercentage
FN:31,calculateDaysLeft
FNF:6
FNH:6
FNDA:2,formatMoneyBRL
FNDA:1,formatDateTimeBR
FNDA:2,isPast
FNDA:2,formatNumber
FNDA:3,formatProgressPercentage
FNDA:2,calculateDaysLeft
DA:1,1
DA:2,2
DA:3,1
DA:4,1
DA:5,1
DA:6,1
DA:7,1
DA:8,1
DA:9,1
DA:10,1
DA:11,1
DA:12,1
DA:13,1
DA:14,1
DA:15,1
DA:16,2
DA:17,2
DA:18,2
DA:19,1
DA:20,1
DA:21,2
DA:22,1
DA:23,1
DA:24,1
DA:25,1
DA:26,3
DA:27,2
DA:28,2
DA:29,2
DA:30,1
DA:31,1
DA:32,2
DA:33,2
DA:34,2
DA:35,2
DA:36,2
DA:37,2
LF:37
LH:37
BRDA:1,0,0,2
BRDA:2,1,0,1
BRDA:7,2,0,1
BRDA:8,3,0,0
BRDA:15,4,0,2
BRDA:16,5,0,0
BRDA:20,6,0,2
BRDA:21,7,0,1
BRDA:25,8,0,3
BRDA:26,9,0,2
BRDA:26,10,0,1
BRDA:26,11,0,2
BRDA:31,12,0,2
BRDA:32,13,0,0
BRF:14
BRH:11
end_of_record
TN:
SF:src\utils\formatCurrency.ts
FN:6,formatCurrency
FNF:1
FNH:1
FNDA:8,formatCurrency
DA:1,1
DA:2,1
DA:3,1
DA:4,1
DA:5,1
DA:6,1
DA:7,8
DA:8,8
DA:9,8
DA:10,8
DA:11,8
DA:12,8
DA:13,8
DA:14,8
DA:15,8
DA:16,8
DA:17,8
LF:17
LH:17
BRDA:6,0,0,8
BRDA:16,1,0,2
BRDA:16,2,0,6
BRF:3
BRH:3
end_of_record
TN:
SF:src\utils\formatDate.ts
FN:6,formatDate
FNF:1
FNH:1
FNDA:4,formatDate
DA:1,1
DA:2,1
DA:3,1
DA:4,1
DA:5,1
DA:6,1
DA:7,4
DA:8,4
DA:9,4
DA:10,4
DA:11,4
DA:12,4
LF:12
LH:12
BRDA:6,0,0,4
BRF:1
BRH:1
end_of_record
TN:
SF:src\utils\http.ts
FN:11,getRedirectSuppressTtlSeconds
FN:27,setTempAuthRedirectCookie
FN:43,hasTempAuthRedirectCookie
FN:51,clearTempAuthRedirectCookie
FN:66,sleep
FN:71,setAuthToken
FN:81,http.interceptors.response.use.baseCfg
FN:175,ensureMutableStringHeaders
FNF:8
FNH:7
FNDA:3,getRedirectSuppressTtlSeconds
FNDA:3,setTempAuthRedirectCookie
FNDA:6,hasTempAuthRedirectCookie
FNDA:20,clearTempAuthRedirectCookie
FNDA:0,sleep
FNDA:18,setAuthToken
FNDA:11,http.interceptors.response.use.baseCfg
FNDA:11,ensureMutableStringHeaders
DA:1,1
DA:2,1
DA:3,1
DA:4,1
DA:5,1
DA:6,1
DA:7,1
DA:8,1
DA:9,1
DA:10,1
DA:11,3
DA:12,3
DA:13,3
DA:14,0
DA:15,3
DA:16,3
DA:17,3
DA:18,0
DA:19,0
DA:20,3
DA:21,0
DA:22,0
DA:23,3
DA:24,3
DA:25,1
DA:26,1
DA:27,3
DA:28,3
DA:29,3
DA:30,3
DA:31,3
DA:32,3
DA:33,3
DA:34,3
DA:35,3
DA:36,3
DA:37,3
DA:38,3
DA:39,0
DA:40,0
DA:41,3
DA:42,1
DA:43,6
DA:44,6
DA:45,6
DA:46,6
DA:47,0
DA:48,0
DA:49,6
DA:50,1
DA:51,1
DA:52,20
DA:53,20
DA:54,20
DA:55,20
DA:56,20
DA:57,20
DA:58,0
DA:59,0
DA:60,20
DA:61,20
DA:62,0
DA:63,0
DA:64,20
DA:65,1
DA:66,0
DA:67,0
DA:68,0
DA:69,1
DA:70,1
DA:71,1
DA:72,18
DA:73,1
DA:74,18
DA:75,17
DA:76,17
DA:77,18
DA:78,1
DA:79,1
DA:80,1
DA:81,1
DA:82,1
DA:83,9
DA:84,7
DA:85,7
DA:86,7
DA:87,7
DA:88,7
DA:89,7
DA:90,7
DA:91,7
DA:92,7
DA:93,4
DA:94,4
DA:95,4
DA:96,4
DA:97,1
DA:98,4
DA:99,1
DA:100,1
DA:101,1
DA:102,1
DA:103,1
DA:104,4
DA:105,7
DA:106,3
DA:107,3
DA:108,6
DA:109,6
DA:110,6
DA:111,6
DA:112,6
DA:113,7
DA:114,3
DA:115,0
DA:116,0
DA:117,0
DA:118,3
DA:119,7
DA:120,3
DA:121,3
DA:122,6
DA:123,6
DA:124,7
DA:125,7
DA:126,6
DA:127,6
DA:128,6
DA:129,6
DA:130,6
DA:131,6
DA:132,0
DA:133,6
DA:134,6
DA:135,6
DA:136,6
DA:137,6
DA:138,6
DA:139,6
DA:140,4
DA:141,4
DA:142,4
DA:143,4
DA:144,4
DA:145,4
DA:146,3
DA:147,3
DA:148,3
DA:149,3
DA:150,3
DA:151,3
DA:152,3
DA:153,3
DA:154,0
DA:155,0
DA:156,3
DA:157,3
DA:158,3
DA:159,3
DA:160,3
DA:161,3
DA:162,3
DA:163,3
DA:164,4
DA:165,4
DA:166,6
DA:167,7
DA:168,9
DA:169,9
DA:170,1
DA:171,1
DA:172,1
DA:173,1
DA:174,1
DA:175,11
DA:176,11
DA:177,11
DA:178,11
DA:179,23
DA:180,13
DA:181,13
DA:182,23
DA:183,11
DA:184,11
DA:185,1
DA:186,1
DA:187,1
DA:188,1
DA:189,20
DA:190,20
DA:191,9
DA:192,9
DA:193,9
DA:194,9
DA:195,9
DA:196,20
DA:197,20
DA:198,20
DA:199,20
DA:200,20
DA:201,20
DA:202,12
DA:203,12
DA:204,2
DA:205,2
DA:206,2
DA:207,2
DA:208,12
DA:209,20
DA:210,9
DA:211,9
DA:212,20
DA:213,20
DA:214,20
LF:214
LH:192
BRDA:5,0,0,0
BRDA:11,1,0,3
BRDA:13,2,0,0
BRDA:15,3,0,0
BRDA:16,4,0,0
BRDA:17,5,0,0
BRDA:17,6,0,0
BRDA:20,7,0,0
BRDA:27,8,0,3
BRDA:36,9,0,1
BRDA:38,10,0,0
BRDA:43,11,0,6
BRDA:46,12,0,0
BRDA:51,13,0,20
BRDA:57,14,0,0
BRDA:61,15,0,0
BRDA:71,16,0,18
BRDA:72,17,0,1
BRDA:74,18,0,17
BRDA:81,19,0,11
BRDA:82,20,0,9
BRDA:83,21,0,8
BRDA:83,22,0,8
BRDA:83,23,0,7
BRDA:91,24,0,4
BRDA:91,25,0,4
BRDA:92,26,0,4
BRDA:92,27,0,4
BRDA:95,28,0,5
BRDA:96,29,0,1
BRDA:97,30,0,0
BRDA:98,31,0,1
BRDA:105,32,0,3
BRDA:107,33,0,6
BRDA:113,34,0,3
BRDA:113,35,0,3
BRDA:113,36,0,3
BRDA:114,37,0,0
BRDA:119,38,0,3
BRDA:121,39,0,6
BRDA:124,40,0,0
BRDA:125,41,0,6
BRDA:126,42,0,1
BRDA:127,43,0,0
BRDA:131,44,0,0
BRDA:134,45,0,0
BRDA:136,46,0,2
BRDA:137,47,0,0
BRDA:139,48,0,5
BRDA:139,49,0,5
BRDA:139,50,0,5
BRDA:139,51,0,4
BRDA:168,52,0,1
BRDA:168,53,0,7
BRDA:141,54,0,4
BRDA:142,55,0,1
BRDA:143,56,0,0
BRDA:144,57,0,3
BRDA:145,58,0,3
BRDA:146,59,0,0
BRDA:153,60,0,0
BRDA:175,61,0,11
BRDA:176,62,0,0
BRDA:178,63,0,23
BRDA:179,64,0,13
BRDA:188,65,0,20
BRDA:189,66,0,0
BRDA:190,67,0,11
BRDA:190,68,0,11
BRDA:190,69,0,10
BRDA:190,70,0,9
BRDA:201,71,0,18
BRDA:201,72,0,12
BRDA:201,73,0,12
BRDA:201,74,0,12
BRDA:202,75,0,3
BRDA:203,76,0,2
BRDA:209,77,0,9
BRF:78
BRH:55
end_of_record
TN:
SF:src\utils\imageValidation.ts
FN:6,isValidImageUrl
FN:75,getImageUrlExamples
FN:87,processImageUrl
FNF:3
FNH:3
FNDA:12,isValidImageUrl
FNDA:1,getImageUrlExamples
FNDA:2,processImageUrl
DA:1,1
DA:2,1
DA:3,1
DA:4,1
DA:5,1
DA:6,1
DA:7,12
DA:8,12
DA:9,12
DA:10,12
DA:11,12
DA:12,12
DA:13,2
DA:14,2
DA:15,10
DA:16,10
DA:17,10
DA:18,10
DA:19,10
DA:20,12
DA:21,5
DA:22,5
DA:23,5
DA:24,5
DA:25,5
DA:26,5
DA:27,5
DA:28,5
DA:29,5
DA:30,5
DA:31,5
DA:32,5
DA:33,5
DA:34,5
DA:35,5
DA:36,5
DA:37,5
DA:38,5
DA:39,5
DA:40,5
DA:41,5
DA:42,5
DA:43,5
DA:44,5
DA:45,5
DA:46,5
DA:47,12
DA:48,3
DA:49,3
DA:50,2
DA:51,2
DA:52,2
DA:53,2
DA:54,2
DA:55,2
DA:56,0
DA:57,0
DA:58,0
DA:59,0
DA:60,0
DA:61,0
DA:62,0
DA:63,0
DA:64,0
DA:65,12
DA:66,0
DA:67,0
DA:68,0
DA:69,0
DA:70,0
DA:71,1
DA:72,1
DA:73,1
DA:74,1
DA:75,1
DA:76,1
DA:77,1
DA:78,1
DA:79,1
DA:80,1
DA:81,1
DA:82,1
DA:83,1
DA:84,1
DA:85,1
DA:86,1
DA:87,1
DA:88,2
DA:89,2
DA:90,2
DA:91,2
DA:92,2
DA:93,1
DA:94,1
DA:95,1
DA:96,1
DA:97,1
LF:97
LH:83
BRDA:6,0,0,12
BRDA:7,1,0,0
BRDA:12,2,0,2
BRDA:14,3,0,10
BRDA:20,4,0,5
BRDA:47,5,0,3
BRDA:49,6,0,2
BRDA:55,7,0,0
BRDA:65,8,0,0
BRDA:20,9,0,53
BRDA:47,10,0,54
BRDA:53,11,0,3
BRDA:75,12,0,1
BRDA:87,13,0,2
BRDA:88,14,0,0
BRDA:92,15,0,1
BRF:16
BRH:12
end_of_record
TN:
SF:src\utils\money.ts
FN:1,reaisToCents
FNF:1
FNH:1
FNDA:5,reaisToCents
DA:1,1
DA:2,5
DA:3,4
DA:4,5
DA:5,5
DA:6,5
LF:6
LH:6
BRDA:1,0,0,5
BRDA:2,1,0,1
BRDA:2,2,0,4
BRDA:4,3,0,1
BRF:4
BRH:4
end_of_record
TN:
SF:src\utils\slug.ts
FN:1,(empty-report)
FNF:1
FNH:0
FNDA:0,(empty-report)
DA:1,0
DA:2,0
DA:3,0
DA:4,0
DA:5,0
DA:6,0
DA:7,0
DA:8,0
DA:9,0
LF:9
LH:0
BRDA:1,0,0,0
BRF:1
BRH:0
end_of_record
