TN:
SF:src\utils\datetime.ts
FN:1,mergeDateTimeToISO
FNF:1
FNH:1
FNDA:2,mergeDateTimeToISO
DA:1,1
DA:2,2
DA:3,2
DA:4,2
DA:5,2
DA:6,2
DA:7,0
DA:8,0
DA:9,0
DA:10,0
DA:11,0
DA:12,0
DA:13,0
DA:14,2
DA:15,2
DA:16,2
DA:17,2
DA:18,2
DA:19,2
DA:20,2
LF:20
LH:13
BRDA:1,0,0,2
BRDA:6,1,0,0
BRDA:15,2,0,1
BRF:3
BRH:2
end_of_record
TN:
SF:src\utils\format.ts
FN:1,formatMoneyBRL
FN:7,formatDateTimeBR
FN:15,isPast
FN:20,formatNumber
FN:25,formatProgressPercentage
FN:31,calculateDaysLeft
FNF:6
FNH:6
FNDA:2,formatMoneyBRL
FNDA:1,formatDateTimeBR
FNDA:2,isPast
FNDA:2,formatNumber
FNDA:3,formatProgressPercentage
FNDA:2,calculateDaysLeft
DA:1,1
DA:2,2
DA:3,1
DA:4,1
DA:5,1
DA:6,1
DA:7,1
DA:8,1
DA:9,1
DA:10,1
DA:11,1
DA:12,1
DA:13,1
DA:14,1
DA:15,1
DA:16,2
DA:17,2
DA:18,2
DA:19,1
DA:20,1
DA:21,2
DA:22,1
DA:23,1
DA:24,1
DA:25,1
DA:26,3
DA:27,2
DA:28,2
DA:29,2
DA:30,1
DA:31,1
DA:32,2
DA:33,2
DA:34,2
DA:35,2
DA:36,2
DA:37,2
LF:37
LH:37
BRDA:1,0,0,2
BRDA:2,1,0,1
BRDA:7,2,0,1
BRDA:8,3,0,0
BRDA:15,4,0,2
BRDA:16,5,0,0
BRDA:20,6,0,2
BRDA:21,7,0,1
BRDA:25,8,0,3
BRDA:26,9,0,2
BRDA:26,10,0,1
BRDA:26,11,0,2
BRDA:31,12,0,2
BRDA:32,13,0,0
BRF:14
BRH:11
end_of_record
TN:
SF:src\utils\http.ts
FN:8,setAuthToken
FN:18,http.interceptors.response.use.w
FN:46,ensureMutableStringHeaders
FN:84,cryptoRandomUuid
FNF:4
FNH:4
FNDA:4,setAuthToken
FNDA:1,http.interceptors.response.use.w
FNDA:1,ensureMutableStringHeaders
FNDA:1,cryptoRandomUuid
DA:1,1
DA:2,1
DA:3,1
DA:4,1
DA:5,1
DA:6,1
DA:7,1
DA:8,1
DA:9,4
DA:10,1
DA:11,4
DA:12,3
DA:13,3
DA:14,4
DA:15,1
DA:16,1
DA:17,1
DA:18,1
DA:19,1
DA:20,0
DA:21,0
DA:22,0
DA:23,0
DA:24,0
DA:25,0
DA:26,0
DA:27,0
DA:28,0
DA:29,0
DA:30,0
DA:31,0
DA:32,0
DA:33,0
DA:34,0
DA:35,0
DA:36,0
DA:37,0
DA:38,0
DA:39,0
DA:40,0
DA:41,1
DA:42,1
DA:43,1
DA:44,1
DA:45,1
DA:46,1
DA:47,1
DA:48,1
DA:49,1
DA:50,1
DA:51,0
DA:52,0
DA:53,1
DA:54,1
DA:55,1
DA:56,1
DA:57,1
DA:58,1
DA:59,1
DA:60,1
DA:61,1
DA:62,1
DA:63,1
DA:64,1
DA:65,1
DA:66,1
DA:67,1
DA:68,1
DA:69,1
DA:70,0
DA:71,0
DA:72,0
DA:73,0
DA:74,0
DA:75,0
DA:76,0
DA:77,1
DA:78,0
DA:79,0
DA:80,1
DA:81,1
DA:82,1
DA:83,1
DA:84,1
DA:85,1
DA:86,1
DA:87,1
DA:88,1
DA:89,1
DA:90,1
DA:91,0
DA:92,0
DA:93,0
DA:94,0
DA:95,0
DA:96,0
DA:97,0
DA:98,0
LF:98
LH:58
BRDA:4,0,0,0
BRDA:8,1,0,4
BRDA:9,2,0,1
BRDA:11,3,0,3
BRDA:18,4,0,1
BRDA:46,5,0,1
BRDA:47,6,0,0
BRDA:50,7,0,0
BRDA:56,8,0,1
BRDA:57,9,0,0
BRDA:58,10,0,0
BRDA:58,11,0,0
BRDA:69,12,0,0
BRDA:69,13,0,0
BRDA:69,14,0,0
BRDA:77,15,0,0
BRDA:84,16,0,1
BRDA:90,17,0,0
BRF:18
BRH:7
end_of_record
TN:
SF:src\utils\imageValidation.ts
FN:6,isValidImageUrl
FN:75,getImageUrlExamples
FN:87,processImageUrl
FNF:3
FNH:3
FNDA:5,isValidImageUrl
FNDA:1,getImageUrlExamples
FNDA:2,processImageUrl
DA:1,1
DA:2,1
DA:3,1
DA:4,1
DA:5,1
DA:6,1
DA:7,5
DA:8,5
DA:9,5
DA:10,5
DA:11,5
DA:12,5
DA:13,2
DA:14,2
DA:15,3
DA:16,3
DA:17,3
DA:18,3
DA:19,3
DA:20,5
DA:21,2
DA:22,2
DA:23,1
DA:24,1
DA:25,1
DA:26,1
DA:27,1
DA:28,1
DA:29,1
DA:30,1
DA:31,1
DA:32,1
DA:33,1
DA:34,1
DA:35,1
DA:36,1
DA:37,1
DA:38,1
DA:39,1
DA:40,1
DA:41,1
DA:42,1
DA:43,1
DA:44,1
DA:45,1
DA:46,1
DA:47,1
DA:48,1
DA:49,1
DA:50,0
DA:51,0
DA:52,0
DA:53,0
DA:54,0
DA:55,0
DA:56,0
DA:57,0
DA:58,0
DA:59,0
DA:60,0
DA:61,0
DA:62,0
DA:63,0
DA:64,0
DA:65,5
DA:66,0
DA:67,0
DA:68,0
DA:69,0
DA:70,0
DA:71,1
DA:72,1
DA:73,1
DA:74,1
DA:75,1
DA:76,1
DA:77,1
DA:78,1
DA:79,1
DA:80,1
DA:81,1
DA:82,1
DA:83,1
DA:84,1
DA:85,1
DA:86,1
DA:87,1
DA:88,2
DA:89,2
DA:90,2
DA:91,2
DA:92,2
DA:93,1
DA:94,1
DA:95,1
DA:96,1
DA:97,1
LF:97
LH:77
BRDA:6,0,0,5
BRDA:7,1,0,0
BRDA:12,2,0,2
BRDA:14,3,0,3
BRDA:20,4,0,2
BRDA:22,5,0,1
BRDA:49,6,0,0
BRDA:65,7,0,0
BRDA:20,8,0,13
BRDA:47,9,0,3
BRDA:75,10,0,1
BRDA:87,11,0,2
BRDA:88,12,0,0
BRDA:92,13,0,1
BRF:14
BRH:10
end_of_record
TN:
SF:src\utils\money.ts
FN:1,reaisToCents
FNF:1
FNH:1
FNDA:5,reaisToCents
DA:1,1
DA:2,5
DA:3,4
DA:4,5
DA:5,5
DA:6,5
LF:6
LH:6
BRDA:1,0,0,5
BRDA:2,1,0,1
BRDA:2,2,0,4
BRDA:4,3,0,1
BRF:4
BRH:4
end_of_record
